::1 - - [01/Jun/2018:23:54:18 +0000] "GET / HTTP/1.1" 200 832
::1 - - [01/Jun/2018:23:54:18 +0000] "GET /public/css/normalize.css HTTP/1.1" 404 163
::1 - - [01/Jun/2018:23:54:18 +0000] "GET /public/css/skeleton.css HTTP/1.1" 404 162
::1 - - [01/Jun/2018:23:54:18 +0000] "GET /public/css/main.css HTTP/1.1" 404 158
::1 - - [01/Jun/2018:23:54:19 +0000] "GET /images/leaf.png HTTP/1.1" 404 154
::1 - - [01/Jun/2018:23:54:56 +0000] "GET / HTTP/1.1" 200 781
::1 - - [01/Jun/2018:23:54:56 +0000] "GET /public/css/normalize.css HTTP/1.1" 404 163
::1 - - [01/Jun/2018:23:54:56 +0000] "GET /public/css/skeleton.css HTTP/1.1" 404 162
::1 - - [01/Jun/2018:23:54:56 +0000] "GET /public/css/main.css HTTP/1.1" 404 158
::1 - - [01/Jun/2018:23:54:57 +0000] "GET /favicon.ico HTTP/1.1" 404 150
::1 - - [02/Jun/2018:00:20:24 +0000] "GET / HTTP/1.1" 200 781
::1 - - [02/Jun/2018:00:20:24 +0000] "GET /public/css/normalize.css HTTP/1.1" 404 163
::1 - - [02/Jun/2018:00:20:24 +0000] "GET /public/css/skeleton.css HTTP/1.1" 404 162
::1 - - [02/Jun/2018:00:20:24 +0000] "GET /public/css/main.css HTTP/1.1" 404 158
::1 - - [02/Jun/2018:00:20:25 +0000] "GET /favicon.ico HTTP/1.1" 404 150
::1 - - [02/Jun/2018:00:20:57 +0000] "GET / HTTP/1.1" 200 763
::1 - - [02/Jun/2018:00:20:57 +0000] "GET /css/normalize.css HTTP/1.1" 200 7797
::1 - - [02/Jun/2018:00:20:57 +0000] "GET /css/main.css HTTP/1.1" 200 -
::1 - - [02/Jun/2018:00:20:57 +0000] "GET /css/skeleton.css HTTP/1.1" 200 10960
::1 - - [02/Jun/2018:00:20:58 +0000] "GET /favicon.ico HTTP/1.1" 404 150
::1 - - [02/Jun/2018:00:25:29 +0000] "GET / HTTP/1.1" 200 1211
::1 - - [02/Jun/2018:00:25:29 +0000] "GET /css/skeleton.css HTTP/1.1" 200 10960
::1 - - [02/Jun/2018:00:25:29 +0000] "GET /css/normalize.css HTTP/1.1" 200 7797
::1 - - [02/Jun/2018:00:25:29 +0000] "GET /css/main.css HTTP/1.1" 200 -
::1 - - [02/Jun/2018:00:25:30 +0000] "GET /favicon.ico HTTP/1.1" 404 150
::1 - - [02/Jun/2018:00:26:29 +0000] "GET / HTTP/1.1" 200 1114
::1 - - [02/Jun/2018:00:26:29 +0000] "GET /css/normalize.css HTTP/1.1" 200 7797
::1 - - [02/Jun/2018:00:26:29 +0000] "GET /css/skeleton.css HTTP/1.1" 200 10960
::1 - - [02/Jun/2018:00:26:29 +0000] "GET /css/main.css HTTP/1.1" 200 -
::1 - - [02/Jun/2018:00:26:30 +0000] "GET /favicon.ico HTTP/1.1" 404 150
::1 - - [02/Jun/2018:00:26:45 +0000] "GET / HTTP/1.1" 200 1118
::1 - - [02/Jun/2018:00:26:45 +0000] "GET /css/skeleton.css HTTP/1.1" 200 10960
::1 - - [02/Jun/2018:00:26:45 +0000] "GET /css/main.css HTTP/1.1" 200 -
::1 - - [02/Jun/2018:00:26:45 +0000] "GET /css/normalize.css HTTP/1.1" 200 7797
::1 - - [02/Jun/2018:00:26:46 +0000] "GET /favicon.ico HTTP/1.1" 404 150
::1 - - [02/Jun/2018:00:27:57 +0000] "GET / HTTP/1.1" 200 1122
::1 - - [02/Jun/2018:00:27:57 +0000] "GET /css/normalize.css HTTP/1.1" 200 7797
::1 - - [02/Jun/2018:00:27:57 +0000] "GET /css/skeleton.css HTTP/1.1" 200 10960
::1 - - [02/Jun/2018:00:27:57 +0000] "GET /css/main.css HTTP/1.1" 200 -
::1 - - [02/Jun/2018:00:27:57 +0000] "GET /favicon.ico HTTP/1.1" 404 150
::1 - - [02/Jun/2018:00:28:52 +0000] "GET / HTTP/1.1" 200 1186
::1 - - [02/Jun/2018:00:28:52 +0000] "GET /css/normalize.css HTTP/1.1" 200 7797
::1 - - [02/Jun/2018:00:28:52 +0000] "GET /css/skeleton.css HTTP/1.1" 200 10960
::1 - - [02/Jun/2018:00:28:52 +0000] "GET /css/main.css HTTP/1.1" 200 -
::1 - - [02/Jun/2018:00:28:53 +0000] "GET /favicon.ico HTTP/1.1" 404 150
::1 - - [02/Jun/2018:00:32:27 +0000] "GET / HTTP/1.1" 200 1473
::1 - - [02/Jun/2018:00:32:27 +0000] "GET /css/normalize.css HTTP/1.1" 200 7797
::1 - - [02/Jun/2018:00:32:27 +0000] "GET /css/skeleton.css HTTP/1.1" 200 10960
::1 - - [02/Jun/2018:00:32:27 +0000] "GET /css/main.css HTTP/1.1" 200 -
::1 - - [02/Jun/2018:00:32:27 +0000] "GET /app.js HTTP/1.1" 404 145
::1 - - [02/Jun/2018:00:32:27 +0000] "GET /app.js HTTP/1.1" 404 145
::1 - - [02/Jun/2018:00:32:28 +0000] "GET /favicon.ico HTTP/1.1" 404 150
::1 - - [02/Jun/2018:02:28:00 +0000] "GET /observations HTTP/1.1" 500 2340
::1 - - [02/Jun/2018:02:28:18 +0000] "GET /api/species HTTP/1.1" 500 2323
::1 - - [02/Jun/2018:02:30:19 +0000] "GET /observations/5b11fc4bbf4ff7a6e598deb1 HTTP/1.1" 500 2312
::1 - - [02/Jun/2018:02:33:04 +0000] "GET /observations/ HTTP/1.1" 500 2340
::1 - - [02/Jun/2018:02:38:48 +0000] "GET /observations HTTP/1.1" 200 1022
::1 - - [02/Jun/2018:02:53:37 +0000] "POST /observations HTTP/1.1" 201 290
::1 - - [02/Jun/2018:02:53:42 +0000] "GET /observations HTTP/1.1" 200 1622
::1 - - [02/Jun/2018:02:54:06 +0000] "DELETE /observations/5b1206b1b5de219aebf403e1 HTTP/1.1" 404 13
::1 - - [02/Jun/2018:02:54:54 +0000] "DELETE /observations/5b1206b1b5de219aebf403e1 HTTP/1.1" 204 35
::1 - - [02/Jun/2018:02:55:00 +0000] "GET /observations/ HTTP/1.1" 200 1322
::1 - - [02/Jun/2018:02:59:24 +0000] "PUT /observations/5b12068f48bcd49ad01e4bdf HTTP/1.1" 204 315
::1 - - [02/Jun/2018:02:59:36 +0000] "GET /observations/ HTTP/1.1" 200 1338
::1 - - [02/Jun/2018:03:10:24 +0000] "DELETE /observations/5b12068f48bcd49ad01e4bdf HTTP/1.1" 204 35
::1 - - [02/Jun/2018:03:10:29 +0000] "GET /observations/ HTTP/1.1" 200 1022
::1 - - [02/Jun/2018:03:10:33 +0000] "GET /observations/ HTTP/1.1" 200 1022
::1 - - [02/Jun/2018:03:10:57 +0000] "POST /observations/ HTTP/1.1" 201 309
::1 - - [02/Jun/2018:03:11:01 +0000] "GET /observations/ HTTP/1.1" 200 1341
::1 - - [02/Jun/2018:03:11:39 +0000] "PUT /observations/5b120ac1b540099d73adffa4 HTTP/1.1" 204 315
::1 - - [02/Jun/2018:03:11:45 +0000] "GET /observations/ HTTP/1.1" 200 1338
::1 - - [02/Jun/2018:03:11:52 +0000] "GET /observations/ HTTP/1.1" 200 1338
::1 - - [02/Jun/2018:03:39:43 +0000] "GET /api/species HTTP/1.1" 200 1691724
::ffff:127.0.0.1 - - [02/Jun/2018:03:43:46 +0000] "GET /observations HTTP/1.1" 200 2
::1 - - [02/Jun/2018:03:45:41 +0000] "GET /api/species/5af100b6bf4ff7a6e56f9f17 HTTP/1.1" 200 4
::1 - - [02/Jun/2018:03:45:45 +0000] "GET /api/species/ HTTP/1.1" 200 2
::1 - - [02/Jun/2018:03:45:47 +0000] "GET /api/species HTTP/1.1" 200 2
::1 - - [02/Jun/2018:03:46:00 +0000] "GET /observations HTTP/1.1" 200 2
::1 - - [02/Jun/2018:03:46:14 +0000] "GET / HTTP/1.1" 200 1473
::1 - - [02/Jun/2018:03:46:20 +0000] "GET /observations HTTP/1.1" 200 2
::1 - - [02/Jun/2018:03:48:52 +0000] "GET /observations HTTP/1.1" 200 589
::1 - - [02/Jun/2018:03:49:15 +0000] "GET / HTTP/1.1" 200 1473
::1 - - [02/Jun/2018:03:49:15 +0000] "GET /css/normalize.css HTTP/1.1" 304 -
::1 - - [02/Jun/2018:03:49:15 +0000] "GET /css/skeleton.css HTTP/1.1" 304 -
::1 - - [02/Jun/2018:03:49:15 +0000] "GET /css/main.css HTTP/1.1" 304 -
::1 - - [02/Jun/2018:03:49:15 +0000] "GET /app.js HTTP/1.1" 404 145
::1 - - [02/Jun/2018:03:49:16 +0000] "GET /app.js HTTP/1.1" 404 145
::1 - - [02/Jun/2018:03:49:16 +0000] "GET /favicon.ico HTTP/1.1" 404 150
::1 - - [02/Jun/2018:03:49:17 +0000] "DELETE /observations/5aeea59d2c12fda97a119ab1 HTTP/1.1" 204 35
::1 - - [02/Jun/2018:03:49:22 +0000] "GET /observations HTTP/1.1" 200 391
::1 - - [02/Jun/2018:03:49:32 +0000] "DELETE /observations/5aeea59d2c12fda97a119ab2 HTTP/1.1" 204 35
::1 - - [02/Jun/2018:03:49:39 +0000] "GET /observations/ HTTP/1.1" 200 187
::1 - - [02/Jun/2018:03:49:48 +0000] "DELETE /observations/5aeea59d2c12fda97a119ab3 HTTP/1.1" 204 35
::1 - - [02/Jun/2018:03:49:54 +0000] "GET /observations HTTP/1.1" 200 2
::1 - - [02/Jun/2018:03:51:48 +0000] "POST /observations HTTP/1.1" 201 306
::1 - - [02/Jun/2018:03:52:11 +0000] "POST /observations HTTP/1.1" 201 324
::1 - - [02/Jun/2018:03:52:37 +0000] "POST /observations HTTP/1.1" 201 295
::1 - - [02/Jun/2018:03:53:05 +0000] "POST /observations HTTP/1.1" 201 285
::1 - - [02/Jun/2018:03:53:10 +0000] "GET /observations HTTP/1.1" 200 1251
::1 - - [02/Jun/2018:03:54:34 +0000] "GET /api/species HTTP/1.1" 200 1691724
::1 - - [02/Jun/2018:04:11:52 +0000] "GET /api/species HTTP/1.1" 200 1691724
